Arguments: 
  C:\Program Files\nodejs\node.exe C:\Users\Super\AppData\Roaming\npm\node_modules\yarn\bin\yarn.js add apollo-lambda-server

PATH: 
  C:\Windows\system32;C:\Windows;C:\Windows\System32\Wbem;C:\Windows\System32\WindowsPowerShell\v1.0\;C:\Windows\System32\OpenSSH\;C:\Program Files\Git\cmd;D:\MATLAB\R2018a\runtime\win64;D:\MATLAB\R2018a\bin;C:\Program Files\Amazon\AWSCLIV2\;C:\Program Files\nodejs\;C:\Users\Super\AppData\Local\Microsoft\WindowsApps;C:\Users\Super\AppData\Local\GitHubDesktop\bin;C:\Users\Super\AppData\Local\Programs\Microsoft VS Code\bin;C:\Users\Super\AppData\Roaming\npm

Yarn version: 
  1.22.10

Node version: 
  14.15.4

Platform: 
  win32 x64

Trace: 
  Error: https://registry.yarnpkg.com/apollo-lambda-server: Not found
      at Request.params.callback [as _callback] (C:\Users\Super\AppData\Roaming\npm\node_modules\yarn\lib\cli.js:66988:18)
      at Request.self.callback (C:\Users\Super\AppData\Roaming\npm\node_modules\yarn\lib\cli.js:140662:22)
      at Request.emit (events.js:315:20)
      at Request.<anonymous> (C:\Users\Super\AppData\Roaming\npm\node_modules\yarn\lib\cli.js:141634:10)
      at Request.emit (events.js:315:20)
      at IncomingMessage.<anonymous> (C:\Users\Super\AppData\Roaming\npm\node_modules\yarn\lib\cli.js:141556:12)
      at Object.onceWrapper (events.js:421:28)
      at IncomingMessage.emit (events.js:327:22)
      at endReadableNT (internal/streams/readable.js:1327:12)
      at processTicksAndRejections (internal/process/task_queues.js:80:21)

npm manifest: 
  {
    "name": "apollo-graphql",
    "version": "1.0.0",
    "description": "netlify functions:create - set up for apollo graphql",
    "main": "apollo-graphql.js",
    "scripts": {
      "test": "echo \"Error: no test specified\" && exit 1"
    },
    "keywords": [
      "netlify",
      "serverless",
      "js",
      "apollo"
    ],
    "author": "Netlify",
    "license": "MIT",
    "dependencies": {}
  }

yarn manifest: 
  No manifest

Lockfile: 
  # THIS IS AN AUTOGENERATED FILE. DO NOT EDIT THIS FILE DIRECTLY.
  # yarn lockfile v1
